# Logfile created on 2015-11-16 11:23:23 +0100 by logger.rb/47272
D, [2015-11-16T11:23:48.368714 #53246] DEBUG -- :   [1m[36m (1.5ms)[0m  [1mCREATE TABLE "schema_migrations" ("version" varchar NOT NULL) [0m
D, [2015-11-16T11:23:48.369345 #53246] DEBUG -- :   [1m[35m (0.1ms)[0m  select sqlite_version(*)
D, [2015-11-16T11:23:48.371214 #53246] DEBUG -- :   [1m[36m (1.2ms)[0m  [1mCREATE UNIQUE INDEX "unique_schema_migrations" ON "schema_migrations" ("version")[0m
D, [2015-11-16T11:23:48.372436 #53246] DEBUG -- :   [1m[35mActiveRecord::SchemaMigration Load (0.1ms)[0m  SELECT "schema_migrations".* FROM "schema_migrations"
I, [2015-11-16T11:23:48.379537 #53246]  INFO -- : Migrating to Schema (1)
D, [2015-11-16T11:23:48.382141 #53246] DEBUG -- :   [1m[36m (0.1ms)[0m  [1mbegin transaction[0m
D, [2015-11-16T11:23:48.384597 #53246] DEBUG -- :   [1m[35m (0.6ms)[0m  CREATE TABLE "users" ("id" INTEGER PRIMARY KEY AUTOINCREMENT NOT NULL, "name" varchar) 
D, [2015-11-16T11:23:48.395006 #53246] DEBUG -- :   [1m[36mSQL (0.3ms)[0m  [1mINSERT INTO "schema_migrations" ("version") VALUES (?)[0m  [["version", "1"]]
D, [2015-11-16T11:23:48.396610 #53246] DEBUG -- :   [1m[35m (1.1ms)[0m  commit transaction
D, [2015-11-16T11:26:20.652875 #53473] DEBUG -- :   [1m[36m (0.1ms)[0m  [1mbegin transaction[0m
D, [2015-11-16T11:26:20.656390 #53473] DEBUG -- :   [1m[35mSQL (0.3ms)[0m  INSERT INTO "users" ("name") VALUES (?)  [["name", "Juan"]]
D, [2015-11-16T11:26:20.658169 #53473] DEBUG -- :   [1m[36m (1.0ms)[0m  [1mcommit transaction[0m
D, [2015-11-16T11:26:20.658800 #53473] DEBUG -- :   [1m[35mUser Load (0.2ms)[0m  SELECT "users".* FROM "users"
D, [2015-11-16T11:26:34.895520 #53487] DEBUG -- :   [1m[36m (0.1ms)[0m  [1mbegin transaction[0m
D, [2015-11-16T11:26:34.899098 #53487] DEBUG -- :   [1m[35mSQL (0.4ms)[0m  INSERT INTO "users" ("name") VALUES (?)  [["name", "Juan"]]
D, [2015-11-16T11:26:34.908729 #53487] DEBUG -- :   [1m[36m (9.2ms)[0m  [1mcommit transaction[0m
D, [2015-11-16T11:26:34.910738 #53487] DEBUG -- :   [1m[35mUser Load (0.2ms)[0m  SELECT  "users".* FROM "users"  ORDER BY "users"."id" ASC LIMIT 1
D, [2015-11-16T11:27:22.171289 #53501] DEBUG -- :   [1m[36m (0.1ms)[0m  [1mbegin transaction[0m
D, [2015-11-16T11:27:22.174894 #53501] DEBUG -- :   [1m[35mSQL (0.4ms)[0m  INSERT INTO "users" ("name") VALUES (?)  [["name", "Juan"]]
D, [2015-11-16T11:27:22.184237 #53501] DEBUG -- :   [1m[36m (9.0ms)[0m  [1mcommit transaction[0m
D, [2015-11-16T11:27:22.184770 #53501] DEBUG -- :   [1m[35m (0.1ms)[0m  begin transaction
D, [2015-11-16T11:27:22.185970 #53501] DEBUG -- :   [1m[36mSQL (0.3ms)[0m  [1mINSERT INTO "users" ("name") VALUES (?)[0m  [["name", "Pepe"]]
D, [2015-11-16T11:27:22.187532 #53501] DEBUG -- :   [1m[35m (1.1ms)[0m  commit transaction
D, [2015-11-16T11:27:22.189320 #53501] DEBUG -- :   [1m[36mUser Load (0.2ms)[0m  [1mSELECT  "users".* FROM "users"  ORDER BY "users"."id" ASC LIMIT 1[0m
D, [2015-11-16T11:27:50.785755 #53513] DEBUG -- :   [1m[36m (0.1ms)[0m  [1mbegin transaction[0m
D, [2015-11-16T11:27:50.789239 #53513] DEBUG -- :   [1m[35mSQL (0.4ms)[0m  INSERT INTO "users" ("name") VALUES (?)  [["name", "Juan"]]
D, [2015-11-16T11:27:50.798682 #53513] DEBUG -- :   [1m[36m (9.1ms)[0m  [1mcommit transaction[0m
D, [2015-11-16T11:27:50.799248 #53513] DEBUG -- :   [1m[35m (0.1ms)[0m  begin transaction
D, [2015-11-16T11:27:50.800591 #53513] DEBUG -- :   [1m[36mSQL (0.5ms)[0m  [1mINSERT INTO "users" ("name") VALUES (?)[0m  [["name", "Pepe"]]
D, [2015-11-16T11:27:50.801951 #53513] DEBUG -- :   [1m[35m (1.1ms)[0m  commit transaction
D, [2015-11-16T11:27:50.803050 #53513] DEBUG -- :   [1m[36m (0.2ms)[0m  [1mSELECT COUNT(*) FROM "users"[0m
D, [2015-11-16T11:27:50.804660 #53513] DEBUG -- :   [1m[35mUser Load (0.2ms)[0m  SELECT  "users".* FROM "users"  ORDER BY "users"."id" ASC LIMIT 1
D, [2015-11-16T11:27:50.807165 #53513] DEBUG -- :   [1m[36mUser Load (0.2ms)[0m  [1mSELECT  "users".* FROM "users"  ORDER BY "users"."id" DESC LIMIT 1[0m
D, [2015-11-16T11:28:23.232665 #53529] DEBUG -- :   [1m[36m (0.1ms)[0m  [1mbegin transaction[0m
D, [2015-11-16T11:28:23.236413 #53529] DEBUG -- :   [1m[35mSQL (0.4ms)[0m  INSERT INTO "users" ("name") VALUES (?)  [["name", "Juan"]]
D, [2015-11-16T11:28:23.246153 #53529] DEBUG -- :   [1m[36m (9.3ms)[0m  [1mcommit transaction[0m
D, [2015-11-16T11:28:23.246731 #53529] DEBUG -- :   [1m[35m (0.1ms)[0m  begin transaction
D, [2015-11-16T11:28:23.247660 #53529] DEBUG -- :   [1m[36mSQL (0.4ms)[0m  [1mINSERT INTO "users" ("name") VALUES (?)[0m  [["name", "Pepe"]]
D, [2015-11-16T11:28:23.249027 #53529] DEBUG -- :   [1m[35m (1.0ms)[0m  commit transaction
D, [2015-11-16T11:28:23.250101 #53529] DEBUG -- :   [1m[36m (0.2ms)[0m  [1mSELECT COUNT(*) FROM "users"[0m
D, [2015-11-16T11:28:23.250757 #53529] DEBUG -- :   [1m[35mUser Load (0.2ms)[0m  SELECT "users".* FROM "users"
